<?xml version="1.0" encoding="UTF-8"?>
<testng-results ignored="0" total="1" passed="1" failed="0" skipped="0">
  <reporter-output>
  </reporter-output>
  <suite started-at="2023-11-23T21:14:45 GMT" name="Example test run" finished-at="2023-11-23T21:14:56 GMT" duration-ms="11038">
    <groups>
    </groups>
    <test started-at="2023-11-23T21:14:45 GMT" name="Alert Test" finished-at="2023-11-23T21:14:56 GMT" duration-ms="11038">
      <class name="com.alert.AlertDemo">
        <test-method is-config="true" signature="testBrowser()[pri:0, instance:com.alert.AlertDemo@36916eb0]" started-at="2023-11-23T21:14:45 GMT" name="testBrowser" finished-at="2023-11-23T21:14:54 GMT" duration-ms="9523" status="PASS">
          <reporter-output>
          </reporter-output>
        </test-method> <!-- testBrowser -->
        <test-method signature="test()[pri:0, instance:com.alert.AlertDemo@36916eb0]" started-at="2023-11-23T21:14:54 GMT" name="test" finished-at="2023-11-23T21:14:56 GMT" duration-ms="1376" status="PASS">
          <reporter-output>
          </reporter-output>
        </test-method> <!-- test -->
        <test-method is-config="true" signature="closeTest()[pri:0, instance:com.alert.AlertDemo@36916eb0]" started-at="2023-11-23T21:14:56 GMT" name="closeTest" finished-at="2023-11-23T21:14:56 GMT" duration-ms="106" status="PASS">
          <reporter-output>
          </reporter-output>
        </test-method> <!-- closeTest -->
      </class> <!-- com.alert.AlertDemo -->
    </test> <!-- Alert Test -->
  </suite> <!-- Example test run -->
</testng-results>
